[ 2018-06-20T10:41:55+08:00 ] 127.0.0.1 /index.php?g=pay&m=Barcodexybank&a=test
ERR: :
 [ SQL语句 ] : CREATE TABLE `ypt_pay_1806` (
  `id` int(11) NOT NULL AUTO_INCREMENT,
  `total_fee` decimal(10,2) DEFAULT '0.00' COMMENT '交易金额',
  `merchant_id` int(11) DEFAULT '0' COMMENT '渠道商id',
  `merchant_user_id` int(11) DEFAULT '0' COMMENT '子商户id',
  `channel_id` tinyint(3) DEFAULT '0' COMMENT '通道id',
  `business_id` tinyint(3) DEFAULT '0' COMMENT '业务id',
  `user_config_id` int(11) DEFAULT '0' COMMENT '子商户商户号id',
  `status` tinyint(3) DEFAULT '0' COMMENT '支付状态(0待支付1支付成功4支付中5支付失败 2 退款成功 3订单异常',
  `request_status` tinyint(1) DEFAULT '1' COMMENT '上游请求状态0失败1成功 成功才记账',
  `liquidation_status` tinyint(1) DEFAULT '0' COMMENT '清算状态 0待入款 1已入款 2入款失败',
  `pay_style` tinyint(3) DEFAULT '0' COMMENT '支付样式,1 套现 2消费 3.还款',
  `mer_order_sn` varchar(255) DEFAULT NULL COMMENT '商户订单号',
  `ypt_order_sn` varchar(255) DEFAULT NULL COMMENT '洋仆淘订单号',
  `party_order_sn` varchar(255) DEFAULT NULL COMMENT '第三方订单号',
  `debit_id` int(11) DEFAULT '0' COMMENT '借记卡user表主键',
  `credit_id` int(11) DEFAULT '0' COMMENT '信用卡user表主键',
  `create_time` int(11) DEFAULT '0' COMMENT '下单时间',
  `pay_time` int(11) DEFAULT '0' COMMENT '支付时间',
  `comment` varchar(255) DEFAULT NULL COMMENT '备注',
  `notify_url` varchar(255) DEFAULT NULL COMMENT '回调地址',
  `notify_status` int(11) DEFAULT '0' COMMENT '0下游未返回接受回调成功1下游返回回调成功不在推送',
  `user_rate` decimal(10,3) DEFAULT '0.000' COMMENT '子商户费率',
  `user_payment` decimal(10,3) DEFAULT '0.000' COMMENT '子商户代付费',
  `mer_rate` decimal(10,3) DEFAULT '0.000' COMMENT '渠道商通道费率',
  `mer_paymemt` decimal(10,3) DEFAULT '0.000' COMMENT '渠道商通道代理费',
  `ypt_rate` decimal(10,3) DEFAULT '0.000' COMMENT '洋仆淘通道成本费率',
  `ypt_paymemt` decimal(10,3) DEFAULT '0.000' COMMENT '洋仆淘通道成本代付费',
  `ypt_profit` decimal(10,2) DEFAULT '0.00' COMMENT '洋仆淘利润 （交易金额*（渠道商费率-洋仆淘费率））+渠道商代付费-洋仆淘代付费',
  `mer_profit` decimal(10,3) DEFAULT '0.000' COMMENT '渠道商利润 （交易金额*（商户通道费率-渠道商通道费率））+商户通道代付费-渠道商通道代付费',
  PRIMARY KEY (`id`),
  KEY `debit_id` (`debit_id`,`credit_id`,`merchant_id`,`merchant_user_id`)
) ENGINE=InnoDB AUTO_INCREMENT=22 DEFAULT CHARSET=utf8

[ 2018-06-20T10:43:52+08:00 ] 127.0.0.1 /index.php?g=pay&m=Barcodexybank&a=test
ERR: :
 [ SQL语句 ] : CREATE TABLE `ypt_pay_1806` (
  `id` int(11) NOT NULL AUTO_INCREMENT,
  `total_fee` decimal(10,2) DEFAULT '0.00' COMMENT '交易金额',
  `merchant_id` int(11) DEFAULT '0' COMMENT '渠道商id',
  `merchant_user_id` int(11) DEFAULT '0' COMMENT '子商户id',
  `channel_id` tinyint(3) DEFAULT '0' COMMENT '通道id',
  `business_id` tinyint(3) DEFAULT '0' COMMENT '业务id',
  `user_config_id` int(11) DEFAULT '0' COMMENT '子商户商户号id',
  `status` tinyint(3) DEFAULT '0' COMMENT '支付状态(0待支付1支付成功4支付中5支付失败 2 退款成功 3订单异常',
  `request_status` tinyint(1) DEFAULT '1' COMMENT '上游请求状态0失败1成功 成功才记账',
  `liquidation_status` tinyint(1) DEFAULT '0' COMMENT '清算状态 0待入款 1已入款 2入款失败',
  `pay_style` tinyint(3) DEFAULT '0' COMMENT '支付样式,1 套现 2消费 3.还款',
  `mer_order_sn` varchar(255) DEFAULT NULL COMMENT '商户订单号',
  `ypt_order_sn` varchar(255) DEFAULT NULL COMMENT '洋仆淘订单号',
  `party_order_sn` varchar(255) DEFAULT NULL COMMENT '第三方订单号',
  `debit_id` int(11) DEFAULT '0' COMMENT '借记卡user表主键',
  `credit_id` int(11) DEFAULT '0' COMMENT '信用卡user表主键',
  `create_time` int(11) DEFAULT '0' COMMENT '下单时间',
  `pay_time` int(11) DEFAULT '0' COMMENT '支付时间',
  `comment` varchar(255) DEFAULT NULL COMMENT '备注',
  `notify_url` varchar(255) DEFAULT NULL COMMENT '回调地址',
  `notify_status` int(11) DEFAULT '0' COMMENT '0下游未返回接受回调成功1下游返回回调成功不在推送',
  `user_rate` decimal(10,3) DEFAULT '0.000' COMMENT '子商户费率',
  `user_payment` decimal(10,3) DEFAULT '0.000' COMMENT '子商户代付费',
  `mer_rate` decimal(10,3) DEFAULT '0.000' COMMENT '渠道商通道费率',
  `mer_paymemt` decimal(10,3) DEFAULT '0.000' COMMENT '渠道商通道代理费',
  `ypt_rate` decimal(10,3) DEFAULT '0.000' COMMENT '洋仆淘通道成本费率',
  `ypt_paymemt` decimal(10,3) DEFAULT '0.000' COMMENT '洋仆淘通道成本代付费',
  `ypt_profit` decimal(10,2) DEFAULT '0.00' COMMENT '洋仆淘利润 （交易金额*（渠道商费率-洋仆淘费率））+渠道商代付费-洋仆淘代付费',
  `mer_profit` decimal(10,3) DEFAULT '0.000' COMMENT '渠道商利润 （交易金额*（商户通道费率-渠道商通道费率））+商户通道代付费-渠道商通道代付费',
  PRIMARY KEY (`id`),
  KEY `debit_id` (`debit_id`,`credit_id`,`merchant_id`,`merchant_user_id`)
) ENGINE=InnoDB AUTO_INCREMENT=1 DEFAULT CHARSET=utf8

[ 2018-06-20T11:10:15+08:00 ] 127.0.0.1 /index.php?g=pay&m=Barcodexybank&a=test
ERR: :
 [ SQL语句 ] : CREATE TABLE `ypt_pay_1806` (
  `id` int(11) NOT NULL AUTO_INCREMENT,
  `total_fee` decimal(10,2) DEFAULT '0.00' COMMENT '交易金额',
  `merchant_id` int(11) DEFAULT '0' COMMENT '渠道商id',
  `merchant_user_id` int(11) DEFAULT '0' COMMENT '子商户id',
  `channel_id` tinyint(3) DEFAULT '0' COMMENT '通道id',
  `business_id` tinyint(3) DEFAULT '0' COMMENT '业务id',
  `user_config_id` int(11) DEFAULT '0' COMMENT '子商户商户号id',
  `status` tinyint(3) DEFAULT '0' COMMENT '支付状态(0待支付1支付成功4支付中5支付失败 2 退款成功 3订单异常',
  `request_status` tinyint(1) DEFAULT '1' COMMENT '上游请求状态0失败1成功 成功才记账',
  `liquidation_status` tinyint(1) DEFAULT '0' COMMENT '清算状态 0待入款 1已入款 2入款失败',
  `pay_style` tinyint(3) DEFAULT '0' COMMENT '支付样式,1 套现 2消费 3.还款',
  `mer_order_sn` varchar(255) DEFAULT NULL COMMENT '商户订单号',
  `ypt_order_sn` varchar(255) DEFAULT NULL COMMENT '洋仆淘订单号',
  `party_order_sn` varchar(255) DEFAULT NULL COMMENT '第三方订单号',
  `debit_id` int(11) DEFAULT '0' COMMENT '借记卡user表主键',
  `credit_id` int(11) DEFAULT '0' COMMENT '信用卡user表主键',
  `create_time` int(11) DEFAULT '0' COMMENT '下单时间',
  `pay_time` int(11) DEFAULT '0' COMMENT '支付时间',
  `comment` varchar(255) DEFAULT NULL COMMENT '备注',
  `notify_url` varchar(255) DEFAULT NULL COMMENT '回调地址',
  `notify_status` int(11) DEFAULT '0' COMMENT '0下游未返回接受回调成功1下游返回回调成功不在推送',
  `user_rate` decimal(10,3) DEFAULT '0.000' COMMENT '子商户费率',
  `user_payment` decimal(10,3) DEFAULT '0.000' COMMENT '子商户代付费',
  `mer_rate` decimal(10,3) DEFAULT '0.000' COMMENT '渠道商通道费率',
  `mer_paymemt` decimal(10,3) DEFAULT '0.000' COMMENT '渠道商通道代理费',
  `ypt_rate` decimal(10,3) DEFAULT '0.000' COMMENT '洋仆淘通道成本费率',
  `ypt_paymemt` decimal(10,3) DEFAULT '0.000' COMMENT '洋仆淘通道成本代付费',
  `ypt_profit` decimal(10,2) DEFAULT '0.00' COMMENT '洋仆淘利润 （交易金额*（渠道商费率-洋仆淘费率））+渠道商代付费-洋仆淘代付费',
  `mer_profit` decimal(10,3) DEFAULT '0.000' COMMENT '渠道商利润 （交易金额*（商户通道费率-渠道商通道费率））+商户通道代付费-渠道商通道代付费',
  PRIMARY KEY (`id`),
  KEY `debit_id` (`debit_id`,`credit_id`,`merchant_id`,`merchant_user_id`)
) ENGINE=InnoDB AUTO_INCREMENT=1 DEFAULT CHARSET=utf8

[ 2018-06-20T11:11:22+08:00 ] 127.0.0.1 /index.php?g=pay&m=Barcodexybank&a=test
ERR: :
 [ SQL语句 ] : CREATE TABLE `yf_order_pay_1806` (
  `id` int(11) NOT NULL AUTO_INCREMENT,
  `total_fee` decimal(10,2) DEFAULT '0.00' COMMENT '交易金额',
  `merchant_id` int(11) DEFAULT '0' COMMENT '渠道商id',
  `merchant_user_id` int(11) DEFAULT '0' COMMENT '子商户id',
  `channel_id` tinyint(3) DEFAULT '0' COMMENT '通道id',
  `business_id` tinyint(3) DEFAULT '0' COMMENT '业务id',
  `user_config_id` int(11) DEFAULT '0' COMMENT '子商户商户号id',
  `status` tinyint(3) DEFAULT '0' COMMENT '支付状态(0待支付1支付成功4支付中5支付失败 2 退款成功 3订单异常',
  `request_status` tinyint(1) DEFAULT '1' COMMENT '上游请求状态0失败1成功 成功才记账',
  `liquidation_status` tinyint(1) DEFAULT '0' COMMENT '清算状态 0待入款 1已入款 2入款失败',
  `pay_style` tinyint(3) DEFAULT '0' COMMENT '支付样式,1 套现 2消费 3.还款',
  `mer_order_sn` varchar(255) DEFAULT NULL COMMENT '商户订单号',
  `ypt_order_sn` varchar(255) DEFAULT NULL COMMENT '洋仆淘订单号',
  `party_order_sn` varchar(255) DEFAULT NULL COMMENT '第三方订单号',
  `debit_id` int(11) DEFAULT '0' COMMENT '借记卡user表主键',
  `credit_id` int(11) DEFAULT '0' COMMENT '信用卡user表主键',
  `create_time` int(11) DEFAULT '0' COMMENT '下单时间',
  `pay_time` int(11) DEFAULT '0' COMMENT '支付时间',
  `comment` varchar(255) DEFAULT NULL COMMENT '备注',
  `notify_url` varchar(255) DEFAULT NULL COMMENT '回调地址',
  `notify_status` int(11) DEFAULT '0' COMMENT '0下游未返回接受回调成功1下游返回回调成功不在推送',
  `user_rate` decimal(10,3) DEFAULT '0.000' COMMENT '子商户费率',
  `user_payment` decimal(10,3) DEFAULT '0.000' COMMENT '子商户代付费',
  `mer_rate` decimal(10,3) DEFAULT '0.000' COMMENT '渠道商通道费率',
  `mer_paymemt` decimal(10,3) DEFAULT '0.000' COMMENT '渠道商通道代理费',
  `ypt_rate` decimal(10,3) DEFAULT '0.000' COMMENT '洋仆淘通道成本费率',
  `ypt_paymemt` decimal(10,3) DEFAULT '0.000' COMMENT '洋仆淘通道成本代付费',
  `ypt_profit` decimal(10,2) DEFAULT '0.00' COMMENT '洋仆淘利润 （交易金额*（渠道商费率-洋仆淘费率））+渠道商代付费-洋仆淘代付费',
  `mer_profit` decimal(10,3) DEFAULT '0.000' COMMENT '渠道商利润 （交易金额*（商户通道费率-渠道商通道费率））+商户通道代付费-渠道商通道代付费',
  PRIMARY KEY (`id`),
  KEY `debit_id` (`debit_id`,`credit_id`,`merchant_id`,`merchant_user_id`)
) ENGINE=InnoDB AUTO_INCREMENT=22 DEFAULT CHARSET=utf8

[ 2018-06-20T11:13:00+08:00 ] 127.0.0.1 /index.php?g=pay&m=Barcodexybank&a=test
ERR: :
 [ SQL语句 ] : CREATE TABLE `ypt_pay_1806` (
  `id` int(11) NOT NULL AUTO_INCREMENT,
  `total_fee` decimal(10,2) DEFAULT '0.00' COMMENT '交易金额',
  `merchant_id` int(11) DEFAULT '0' COMMENT '渠道商id',
  `merchant_user_id` int(11) DEFAULT '0' COMMENT '子商户id',
  `channel_id` tinyint(3) DEFAULT '0' COMMENT '通道id',
  `business_id` tinyint(3) DEFAULT '0' COMMENT '业务id',
  `user_config_id` int(11) DEFAULT '0' COMMENT '子商户商户号id',
  `status` tinyint(3) DEFAULT '0' COMMENT '支付状态(0待支付1支付成功4支付中5支付失败 2 退款成功 3订单异常',
  `request_status` tinyint(1) DEFAULT '1' COMMENT '上游请求状态0失败1成功 成功才记账',
  `liquidation_status` tinyint(1) DEFAULT '0' COMMENT '清算状态 0待入款 1已入款 2入款失败',
  `pay_style` tinyint(3) DEFAULT '0' COMMENT '支付样式,1 套现 2消费 3.还款',
  `mer_order_sn` varchar(255) DEFAULT NULL COMMENT '商户订单号',
  `ypt_order_sn` varchar(255) DEFAULT NULL COMMENT '洋仆淘订单号',
  `party_order_sn` varchar(255) DEFAULT NULL COMMENT '第三方订单号',
  `debit_id` int(11) DEFAULT '0' COMMENT '借记卡user表主键',
  `credit_id` int(11) DEFAULT '0' COMMENT '信用卡user表主键',
  `create_time` int(11) DEFAULT '0' COMMENT '下单时间',
  `pay_time` int(11) DEFAULT '0' COMMENT '支付时间',
  `comment` varchar(255) DEFAULT NULL COMMENT '备注',
  `notify_url` varchar(255) DEFAULT NULL COMMENT '回调地址',
  `notify_status` int(11) DEFAULT '0' COMMENT '0下游未返回接受回调成功1下游返回回调成功不在推送',
  `user_rate` decimal(10,3) DEFAULT '0.000' COMMENT '子商户费率',
  `user_payment` decimal(10,3) DEFAULT '0.000' COMMENT '子商户代付费',
  `mer_rate` decimal(10,3) DEFAULT '0.000' COMMENT '渠道商通道费率',
  `mer_paymemt` decimal(10,3) DEFAULT '0.000' COMMENT '渠道商通道代理费',
  `ypt_rate` decimal(10,3) DEFAULT '0.000' COMMENT '洋仆淘通道成本费率',
  `ypt_paymemt` decimal(10,3) DEFAULT '0.000' COMMENT '洋仆淘通道成本代付费',
  `ypt_profit` decimal(10,2) DEFAULT '0.00' COMMENT '洋仆淘利润 （交易金额*（渠道商费率-洋仆淘费率））+渠道商代付费-洋仆淘代付费',
  `mer_profit` decimal(10,3) DEFAULT '0.000' COMMENT '渠道商利润 （交易金额*（商户通道费率-渠道商通道费率））+商户通道代付费-渠道商通道代付费',
  PRIMARY KEY (`id`),
  KEY `debit_id` (`debit_id`,`credit_id`,`merchant_id`,`merchant_user_id`)
) ENGINE=InnoDB AUTO_INCREMENT=1 DEFAULT CHARSET=utf8
ERR: :
 [ SQL语句 ] : CREATE TABLE `ypt_pay_1806` (
  `id` int(11) NOT NULL AUTO_INCREMENT,
  `total_fee` decimal(10,2) DEFAULT '0.00' COMMENT '交易金额',
  `merchant_id` int(11) DEFAULT '0' COMMENT '渠道商id',
  `merchant_user_id` int(11) DEFAULT '0' COMMENT '子商户id',
  `channel_id` tinyint(3) DEFAULT '0' COMMENT '通道id',
  `business_id` tinyint(3) DEFAULT '0' COMMENT '业务id',
  `user_config_id` int(11) DEFAULT '0' COMMENT '子商户商户号id',
  `status` tinyint(3) DEFAULT '0' COMMENT '支付状态(0待支付1支付成功4支付中5支付失败 2 退款成功 3订单异常',
  `request_status` tinyint(1) DEFAULT '1' COMMENT '上游请求状态0失败1成功 成功才记账',
  `liquidation_status` tinyint(1) DEFAULT '0' COMMENT '清算状态 0待入款 1已入款 2入款失败',
  `pay_style` tinyint(3) DEFAULT '0' COMMENT '支付样式,1 套现 2消费 3.还款',
  `mer_order_sn` varchar(255) DEFAULT NULL COMMENT '商户订单号',
  `ypt_order_sn` varchar(255) DEFAULT NULL COMMENT '洋仆淘订单号',
  `party_order_sn` varchar(255) DEFAULT NULL COMMENT '第三方订单号',
  `debit_id` int(11) DEFAULT '0' COMMENT '借记卡user表主键',
  `credit_id` int(11) DEFAULT '0' COMMENT '信用卡user表主键',
  `create_time` int(11) DEFAULT '0' COMMENT '下单时间',
  `pay_time` int(11) DEFAULT '0' COMMENT '支付时间',
  `comment` varchar(255) DEFAULT NULL COMMENT '备注',
  `notify_url` varchar(255) DEFAULT NULL COMMENT '回调地址',
  `notify_status` int(11) DEFAULT '0' COMMENT '0下游未返回接受回调成功1下游返回回调成功不在推送',
  `user_rate` decimal(10,3) DEFAULT '0.000' COMMENT '子商户费率',
  `user_payment` decimal(10,3) DEFAULT '0.000' COMMENT '子商户代付费',
  `mer_rate` decimal(10,3) DEFAULT '0.000' COMMENT '渠道商通道费率',
  `mer_paymemt` decimal(10,3) DEFAULT '0.000' COMMENT '渠道商通道代理费',
  `ypt_rate` decimal(10,3) DEFAULT '0.000' COMMENT '洋仆淘通道成本费率',
  `ypt_paymemt` decimal(10,3) DEFAULT '0.000' COMMENT '洋仆淘通道成本代付费',
  `ypt_profit` decimal(10,2) DEFAULT '0.00' COMMENT '洋仆淘利润 （交易金额*（渠道商费率-洋仆淘费率））+渠道商代付费-洋仆淘代付费',
  `mer_profit` decimal(10,3) DEFAULT '0.000' COMMENT '渠道商利润 （交易金额*（商户通道费率-渠道商通道费率））+商户通道代付费-渠道商通道代付费',
  PRIMARY KEY (`id`),
  KEY `debit_id` (`debit_id`,`credit_id`,`merchant_id`,`merchant_user_id`)
) ENGINE=InnoDB AUTO_INCREMENT=1 DEFAULT CHARSET=utf8

[ 2018-06-20T11:13:38+08:00 ] 127.0.0.1 /index.php?g=pay&m=Barcodexybank&a=test
ERR: :
 [ SQL语句 ] : CREATE TABLE `ypt_pay_1806` (
  `id` int(11) NOT NULL AUTO_INCREMENT,
  `total_fee` decimal(10,2) DEFAULT '0.00' COMMENT '交易金额',
  `merchant_id` int(11) DEFAULT '0' COMMENT '渠道商id',
  `merchant_user_id` int(11) DEFAULT '0' COMMENT '子商户id',
  `channel_id` tinyint(3) DEFAULT '0' COMMENT '通道id',
  `business_id` tinyint(3) DEFAULT '0' COMMENT '业务id',
  `user_config_id` int(11) DEFAULT '0' COMMENT '子商户商户号id',
  `status` tinyint(3) DEFAULT '0' COMMENT '支付状态(0待支付1支付成功4支付中5支付失败 2 退款成功 3订单异常',
  `request_status` tinyint(1) DEFAULT '1' COMMENT '上游请求状态0失败1成功 成功才记账',
  `liquidation_status` tinyint(1) DEFAULT '0' COMMENT '清算状态 0待入款 1已入款 2入款失败',
  `pay_style` tinyint(3) DEFAULT '0' COMMENT '支付样式,1 套现 2消费 3.还款',
  `mer_order_sn` varchar(255) DEFAULT NULL COMMENT '商户订单号',
  `ypt_order_sn` varchar(255) DEFAULT NULL COMMENT '洋仆淘订单号',
  `party_order_sn` varchar(255) DEFAULT NULL COMMENT '第三方订单号',
  `debit_id` int(11) DEFAULT '0' COMMENT '借记卡user表主键',
  `credit_id` int(11) DEFAULT '0' COMMENT '信用卡user表主键',
  `create_time` int(11) DEFAULT '0' COMMENT '下单时间',
  `pay_time` int(11) DEFAULT '0' COMMENT '支付时间',
  `comment` varchar(255) DEFAULT NULL COMMENT '备注',
  `notify_url` varchar(255) DEFAULT NULL COMMENT '回调地址',
  `notify_status` int(11) DEFAULT '0' COMMENT '0下游未返回接受回调成功1下游返回回调成功不在推送',
  `user_rate` decimal(10,3) DEFAULT '0.000' COMMENT '子商户费率',
  `user_payment` decimal(10,3) DEFAULT '0.000' COMMENT '子商户代付费',
  `mer_rate` decimal(10,3) DEFAULT '0.000' COMMENT '渠道商通道费率',
  `mer_paymemt` decimal(10,3) DEFAULT '0.000' COMMENT '渠道商通道代理费',
  `ypt_rate` decimal(10,3) DEFAULT '0.000' COMMENT '洋仆淘通道成本费率',
  `ypt_paymemt` decimal(10,3) DEFAULT '0.000' COMMENT '洋仆淘通道成本代付费',
  `ypt_profit` decimal(10,2) DEFAULT '0.00' COMMENT '洋仆淘利润 （交易金额*（渠道商费率-洋仆淘费率））+渠道商代付费-洋仆淘代付费',
  `mer_profit` decimal(10,3) DEFAULT '0.000' COMMENT '渠道商利润 （交易金额*（商户通道费率-渠道商通道费率））+商户通道代付费-渠道商通道代付费',
  PRIMARY KEY (`id`),
  KEY `debit_id` (`debit_id`,`credit_id`,`merchant_id`,`merchant_user_id`)
) ENGINE=InnoDB AUTO_INCREMENT=1 DEFAULT CHARSET=utf8
ERR: :
 [ SQL语句 ] : CREATE TABLE `ypt_pay_1806` (
  `id` int(11) NOT NULL AUTO_INCREMENT,
  `total_fee` decimal(10,2) DEFAULT '0.00' COMMENT '交易金额',
  `merchant_id` int(11) DEFAULT '0' COMMENT '渠道商id',
  `merchant_user_id` int(11) DEFAULT '0' COMMENT '子商户id',
  `channel_id` tinyint(3) DEFAULT '0' COMMENT '通道id',
  `business_id` tinyint(3) DEFAULT '0' COMMENT '业务id',
  `user_config_id` int(11) DEFAULT '0' COMMENT '子商户商户号id',
  `status` tinyint(3) DEFAULT '0' COMMENT '支付状态(0待支付1支付成功4支付中5支付失败 2 退款成功 3订单异常',
  `request_status` tinyint(1) DEFAULT '1' COMMENT '上游请求状态0失败1成功 成功才记账',
  `liquidation_status` tinyint(1) DEFAULT '0' COMMENT '清算状态 0待入款 1已入款 2入款失败',
  `pay_style` tinyint(3) DEFAULT '0' COMMENT '支付样式,1 套现 2消费 3.还款',
  `mer_order_sn` varchar(255) DEFAULT NULL COMMENT '商户订单号',
  `ypt_order_sn` varchar(255) DEFAULT NULL COMMENT '洋仆淘订单号',
  `party_order_sn` varchar(255) DEFAULT NULL COMMENT '第三方订单号',
  `debit_id` int(11) DEFAULT '0' COMMENT '借记卡user表主键',
  `credit_id` int(11) DEFAULT '0' COMMENT '信用卡user表主键',
  `create_time` int(11) DEFAULT '0' COMMENT '下单时间',
  `pay_time` int(11) DEFAULT '0' COMMENT '支付时间',
  `comment` varchar(255) DEFAULT NULL COMMENT '备注',
  `notify_url` varchar(255) DEFAULT NULL COMMENT '回调地址',
  `notify_status` int(11) DEFAULT '0' COMMENT '0下游未返回接受回调成功1下游返回回调成功不在推送',
  `user_rate` decimal(10,3) DEFAULT '0.000' COMMENT '子商户费率',
  `user_payment` decimal(10,3) DEFAULT '0.000' COMMENT '子商户代付费',
  `mer_rate` decimal(10,3) DEFAULT '0.000' COMMENT '渠道商通道费率',
  `mer_paymemt` decimal(10,3) DEFAULT '0.000' COMMENT '渠道商通道代理费',
  `ypt_rate` decimal(10,3) DEFAULT '0.000' COMMENT '洋仆淘通道成本费率',
  `ypt_paymemt` decimal(10,3) DEFAULT '0.000' COMMENT '洋仆淘通道成本代付费',
  `ypt_profit` decimal(10,2) DEFAULT '0.00' COMMENT '洋仆淘利润 （交易金额*（渠道商费率-洋仆淘费率））+渠道商代付费-洋仆淘代付费',
  `mer_profit` decimal(10,3) DEFAULT '0.000' COMMENT '渠道商利润 （交易金额*（商户通道费率-渠道商通道费率））+商户通道代付费-渠道商通道代付费',
  PRIMARY KEY (`id`),
  KEY `debit_id` (`debit_id`,`credit_id`,`merchant_id`,`merchant_user_id`)
) ENGINE=InnoDB AUTO_INCREMENT=1 DEFAULT CHARSET=utf8

[ 2018-06-20T11:13:55+08:00 ] 127.0.0.1 /index.php?g=pay&m=Barcodexybank&a=test
ERR: :
 [ SQL语句 ] : CREATE TABLE `ypt_pay_1806` (
  `id` int(11) NOT NULL AUTO_INCREMENT,
  `total_fee` decimal(10,2) DEFAULT '0.00' COMMENT '交易金额',
  `merchant_id` int(11) DEFAULT '0' COMMENT '渠道商id',
  `merchant_user_id` int(11) DEFAULT '0' COMMENT '子商户id',
  `channel_id` tinyint(3) DEFAULT '0' COMMENT '通道id',
  `business_id` tinyint(3) DEFAULT '0' COMMENT '业务id',
  `user_config_id` int(11) DEFAULT '0' COMMENT '子商户商户号id',
  `status` tinyint(3) DEFAULT '0' COMMENT '支付状态(0待支付1支付成功4支付中5支付失败 2 退款成功 3订单异常',
  `request_status` tinyint(1) DEFAULT '1' COMMENT '上游请求状态0失败1成功 成功才记账',
  `liquidation_status` tinyint(1) DEFAULT '0' COMMENT '清算状态 0待入款 1已入款 2入款失败',
  `pay_style` tinyint(3) DEFAULT '0' COMMENT '支付样式,1 套现 2消费 3.还款',
  `mer_order_sn` varchar(255) DEFAULT NULL COMMENT '商户订单号',
  `ypt_order_sn` varchar(255) DEFAULT NULL COMMENT '洋仆淘订单号',
  `party_order_sn` varchar(255) DEFAULT NULL COMMENT '第三方订单号',
  `debit_id` int(11) DEFAULT '0' COMMENT '借记卡user表主键',
  `credit_id` int(11) DEFAULT '0' COMMENT '信用卡user表主键',
  `create_time` int(11) DEFAULT '0' COMMENT '下单时间',
  `pay_time` int(11) DEFAULT '0' COMMENT '支付时间',
  `comment` varchar(255) DEFAULT NULL COMMENT '备注',
  `notify_url` varchar(255) DEFAULT NULL COMMENT '回调地址',
  `notify_status` int(11) DEFAULT '0' COMMENT '0下游未返回接受回调成功1下游返回回调成功不在推送',
  `user_rate` decimal(10,3) DEFAULT '0.000' COMMENT '子商户费率',
  `user_payment` decimal(10,3) DEFAULT '0.000' COMMENT '子商户代付费',
  `mer_rate` decimal(10,3) DEFAULT '0.000' COMMENT '渠道商通道费率',
  `mer_paymemt` decimal(10,3) DEFAULT '0.000' COMMENT '渠道商通道代理费',
  `ypt_rate` decimal(10,3) DEFAULT '0.000' COMMENT '洋仆淘通道成本费率',
  `ypt_paymemt` decimal(10,3) DEFAULT '0.000' COMMENT '洋仆淘通道成本代付费',
  `ypt_profit` decimal(10,2) DEFAULT '0.00' COMMENT '洋仆淘利润 （交易金额*（渠道商费率-洋仆淘费率））+渠道商代付费-洋仆淘代付费',
  `mer_profit` decimal(10,3) DEFAULT '0.000' COMMENT '渠道商利润 （交易金额*（商户通道费率-渠道商通道费率））+商户通道代付费-渠道商通道代付费',
  PRIMARY KEY (`id`),
  KEY `debit_id` (`debit_id`,`credit_id`,`merchant_id`,`merchant_user_id`)
) ENGINE=InnoDB AUTO_INCREMENT=1 DEFAULT CHARSET=utf8
ERR: :
 [ SQL语句 ] : CREATE TABLE `ypt_pay_1806` (
  `id` int(11) NOT NULL AUTO_INCREMENT,
  `total_fee` decimal(10,2) DEFAULT '0.00' COMMENT '交易金额',
  `merchant_id` int(11) DEFAULT '0' COMMENT '渠道商id',
  `merchant_user_id` int(11) DEFAULT '0' COMMENT '子商户id',
  `channel_id` tinyint(3) DEFAULT '0' COMMENT '通道id',
  `business_id` tinyint(3) DEFAULT '0' COMMENT '业务id',
  `user_config_id` int(11) DEFAULT '0' COMMENT '子商户商户号id',
  `status` tinyint(3) DEFAULT '0' COMMENT '支付状态(0待支付1支付成功4支付中5支付失败 2 退款成功 3订单异常',
  `request_status` tinyint(1) DEFAULT '1' COMMENT '上游请求状态0失败1成功 成功才记账',
  `liquidation_status` tinyint(1) DEFAULT '0' COMMENT '清算状态 0待入款 1已入款 2入款失败',
  `pay_style` tinyint(3) DEFAULT '0' COMMENT '支付样式,1 套现 2消费 3.还款',
  `mer_order_sn` varchar(255) DEFAULT NULL COMMENT '商户订单号',
  `ypt_order_sn` varchar(255) DEFAULT NULL COMMENT '洋仆淘订单号',
  `party_order_sn` varchar(255) DEFAULT NULL COMMENT '第三方订单号',
  `debit_id` int(11) DEFAULT '0' COMMENT '借记卡user表主键',
  `credit_id` int(11) DEFAULT '0' COMMENT '信用卡user表主键',
  `create_time` int(11) DEFAULT '0' COMMENT '下单时间',
  `pay_time` int(11) DEFAULT '0' COMMENT '支付时间',
  `comment` varchar(255) DEFAULT NULL COMMENT '备注',
  `notify_url` varchar(255) DEFAULT NULL COMMENT '回调地址',
  `notify_status` int(11) DEFAULT '0' COMMENT '0下游未返回接受回调成功1下游返回回调成功不在推送',
  `user_rate` decimal(10,3) DEFAULT '0.000' COMMENT '子商户费率',
  `user_payment` decimal(10,3) DEFAULT '0.000' COMMENT '子商户代付费',
  `mer_rate` decimal(10,3) DEFAULT '0.000' COMMENT '渠道商通道费率',
  `mer_paymemt` decimal(10,3) DEFAULT '0.000' COMMENT '渠道商通道代理费',
  `ypt_rate` decimal(10,3) DEFAULT '0.000' COMMENT '洋仆淘通道成本费率',
  `ypt_paymemt` decimal(10,3) DEFAULT '0.000' COMMENT '洋仆淘通道成本代付费',
  `ypt_profit` decimal(10,2) DEFAULT '0.00' COMMENT '洋仆淘利润 （交易金额*（渠道商费率-洋仆淘费率））+渠道商代付费-洋仆淘代付费',
  `mer_profit` decimal(10,3) DEFAULT '0.000' COMMENT '渠道商利润 （交易金额*（商户通道费率-渠道商通道费率））+商户通道代付费-渠道商通道代付费',
  PRIMARY KEY (`id`),
  KEY `debit_id` (`debit_id`,`credit_id`,`merchant_id`,`merchant_user_id`)
) ENGINE=InnoDB AUTO_INCREMENT=1 DEFAULT CHARSET=utf8

[ 2018-06-20T11:14:23+08:00 ] 127.0.0.1 /index.php?g=pay&m=Barcodexybank&a=test
ERR: :
 [ SQL语句 ] : CREATE TABLE `ypt_pay_1806` (
  `id` int(11) NOT NULL AUTO_INCREMENT,
  `total_fee` decimal(10,2) DEFAULT '0.00' COMMENT '交易金额',
  `merchant_id` int(11) DEFAULT '0' COMMENT '渠道商id',
  `merchant_user_id` int(11) DEFAULT '0' COMMENT '子商户id',
  `channel_id` tinyint(3) DEFAULT '0' COMMENT '通道id',
  `business_id` tinyint(3) DEFAULT '0' COMMENT '业务id',
  `user_config_id` int(11) DEFAULT '0' COMMENT '子商户商户号id',
  `status` tinyint(3) DEFAULT '0' COMMENT '支付状态(0待支付1支付成功4支付中5支付失败 2 退款成功 3订单异常',
  `request_status` tinyint(1) DEFAULT '1' COMMENT '上游请求状态0失败1成功 成功才记账',
  `liquidation_status` tinyint(1) DEFAULT '0' COMMENT '清算状态 0待入款 1已入款 2入款失败',
  `pay_style` tinyint(3) DEFAULT '0' COMMENT '支付样式,1 套现 2消费 3.还款',
  `mer_order_sn` varchar(255) DEFAULT NULL COMMENT '商户订单号',
  `ypt_order_sn` varchar(255) DEFAULT NULL COMMENT '洋仆淘订单号',
  `party_order_sn` varchar(255) DEFAULT NULL COMMENT '第三方订单号',
  `debit_id` int(11) DEFAULT '0' COMMENT '借记卡user表主键',
  `credit_id` int(11) DEFAULT '0' COMMENT '信用卡user表主键',
  `create_time` int(11) DEFAULT '0' COMMENT '下单时间',
  `pay_time` int(11) DEFAULT '0' COMMENT '支付时间',
  `comment` varchar(255) DEFAULT NULL COMMENT '备注',
  `notify_url` varchar(255) DEFAULT NULL COMMENT '回调地址',
  `notify_status` int(11) DEFAULT '0' COMMENT '0下游未返回接受回调成功1下游返回回调成功不在推送',
  `user_rate` decimal(10,3) DEFAULT '0.000' COMMENT '子商户费率',
  `user_payment` decimal(10,3) DEFAULT '0.000' COMMENT '子商户代付费',
  `mer_rate` decimal(10,3) DEFAULT '0.000' COMMENT '渠道商通道费率',
  `mer_paymemt` decimal(10,3) DEFAULT '0.000' COMMENT '渠道商通道代理费',
  `ypt_rate` decimal(10,3) DEFAULT '0.000' COMMENT '洋仆淘通道成本费率',
  `ypt_paymemt` decimal(10,3) DEFAULT '0.000' COMMENT '洋仆淘通道成本代付费',
  `ypt_profit` decimal(10,2) DEFAULT '0.00' COMMENT '洋仆淘利润 （交易金额*（渠道商费率-洋仆淘费率））+渠道商代付费-洋仆淘代付费',
  `mer_profit` decimal(10,3) DEFAULT '0.000' COMMENT '渠道商利润 （交易金额*（商户通道费率-渠道商通道费率））+商户通道代付费-渠道商通道代付费',
  PRIMARY KEY (`id`),
  KEY `debit_id` (`debit_id`,`credit_id`,`merchant_id`,`merchant_user_id`)
) ENGINE=InnoDB AUTO_INCREMENT=1 DEFAULT CHARSET=utf8

[ 2018-06-20T11:27:21+08:00 ] 127.0.0.1 /index.php?g=pay&m=Barcodexybank&a=test
ERR: :
 [ SQL语句 ] : CREATE TABLE `ypt_pay_1806` (
  `id` int(11) NOT NULL AUTO_INCREMENT,
  `total_fee` decimal(10,2) DEFAULT '0.00' COMMENT '交易金额',
  `merchant_id` int(11) DEFAULT '0' COMMENT '渠道商id',
  `merchant_user_id` int(11) DEFAULT '0' COMMENT '子商户id',
  `channel_id` tinyint(3) DEFAULT '0' COMMENT '通道id',
  `business_id` tinyint(3) DEFAULT '0' COMMENT '业务id',
  `user_config_id` int(11) DEFAULT '0' COMMENT '子商户商户号id',
  `status` tinyint(3) DEFAULT '0' COMMENT '支付状态(0待支付1支付成功4支付中5支付失败 2 退款成功 3订单异常',
  `request_status` tinyint(1) DEFAULT '1' COMMENT '上游请求状态0失败1成功 成功才记账',
  `liquidation_status` tinyint(1) DEFAULT '0' COMMENT '清算状态 0待入款 1已入款 2入款失败',
  `pay_style` tinyint(3) DEFAULT '0' COMMENT '支付样式,1 套现 2消费 3.还款',
  `mer_order_sn` varchar(255) DEFAULT NULL COMMENT '商户订单号',
  `ypt_order_sn` varchar(255) DEFAULT NULL COMMENT '洋仆淘订单号',
  `party_order_sn` varchar(255) DEFAULT NULL COMMENT '第三方订单号',
  `debit_id` int(11) DEFAULT '0' COMMENT '借记卡user表主键',
  `credit_id` int(11) DEFAULT '0' COMMENT '信用卡user表主键',
  `create_time` int(11) DEFAULT '0' COMMENT '下单时间',
  `pay_time` int(11) DEFAULT '0' COMMENT '支付时间',
  `comment` varchar(255) DEFAULT NULL COMMENT '备注',
  `notify_url` varchar(255) DEFAULT NULL COMMENT '回调地址',
  `notify_status` int(11) DEFAULT '0' COMMENT '0下游未返回接受回调成功1下游返回回调成功不在推送',
  `user_rate` decimal(10,3) DEFAULT '0.000' COMMENT '子商户费率',
  `user_payment` decimal(10,3) DEFAULT '0.000' COMMENT '子商户代付费',
  `mer_rate` decimal(10,3) DEFAULT '0.000' COMMENT '渠道商通道费率',
  `mer_paymemt` decimal(10,3) DEFAULT '0.000' COMMENT '渠道商通道代理费',
  `ypt_rate` decimal(10,3) DEFAULT '0.000' COMMENT '洋仆淘通道成本费率',
  `ypt_paymemt` decimal(10,3) DEFAULT '0.000' COMMENT '洋仆淘通道成本代付费',
  `ypt_profit` decimal(10,2) DEFAULT '0.00' COMMENT '洋仆淘利润 （交易金额*（渠道商费率-洋仆淘费率））+渠道商代付费-洋仆淘代付费',
  `mer_profit` decimal(10,3) DEFAULT '0.000' COMMENT '渠道商利润 （交易金额*（商户通道费率-渠道商通道费率））+商户通道代付费-渠道商通道代付费',
  PRIMARY KEY (`id`),
  KEY `debit_id` (`debit_id`,`credit_id`,`merchant_id`,`merchant_user_id`)
) ENGINE=InnoDB AUTO_INCREMENT=1 DEFAULT CHARSET=utf8

[ 2018-06-20T14:46:24+08:00 ] 127.0.0.1 /index.php?g=pay&m=Barcodexybank&a=test
ERR: Call to undefined function Common\Lib\get_info()

[ 2018-06-20T15:01:47+08:00 ] 127.0.0.1 /index.php?g=pay&m=Barcodexybank&a=test
ERR: Call to undefined function Common\Lib\get_info()

[ 2018-06-20T15:03:49+08:00 ] 127.0.0.1 /index.php?g=pay&m=Barcodexybank&a=test
ERR: Call to undefined function Common\Lib\get_info()

[ 2018-06-20T15:03:51+08:00 ] 127.0.0.1 /index.php?g=pay&m=Barcodexybank&a=test
ERR: Call to undefined function Common\Lib\get_info()

[ 2018-06-20T15:03:52+08:00 ] 127.0.0.1 /index.php?g=pay&m=Barcodexybank&a=test
ERR: Call to undefined function Common\Lib\get_info()

[ 2018-06-20T15:03:53+08:00 ] 127.0.0.1 /index.php?g=pay&m=Barcodexybank&a=test
ERR: Call to undefined function Common\Lib\get_info()

[ 2018-06-20T15:03:54+08:00 ] 127.0.0.1 /index.php?g=pay&m=Barcodexybank&a=test
ERR: Call to undefined function Common\Lib\get_info()

[ 2018-06-20T15:03:54+08:00 ] 127.0.0.1 /index.php?g=pay&m=Barcodexybank&a=test
ERR: Call to undefined function Common\Lib\get_info()

[ 2018-06-20T15:03:55+08:00 ] 127.0.0.1 /index.php?g=pay&m=Barcodexybank&a=test
ERR: Call to undefined function Common\Lib\get_info()

[ 2018-06-20T15:17:21+08:00 ] 127.0.0.1 /index.php?g=pay&m=Barcodexybank&a=test
ERR: Call to undefined function Common\Lib\get_info()

[ 2018-06-20T15:17:22+08:00 ] 127.0.0.1 /index.php?g=pay&m=Barcodexybank&a=test
ERR: Call to undefined function Common\Lib\get_info()

[ 2018-06-20T15:17:23+08:00 ] 127.0.0.1 /index.php?g=pay&m=Barcodexybank&a=test
ERR: Call to undefined function Common\Lib\get_info()

[ 2018-06-20T15:17:23+08:00 ] 127.0.0.1 /index.php?g=pay&m=Barcodexybank&a=test
ERR: Call to undefined function Common\Lib\get_info()

[ 2018-06-20T15:17:23+08:00 ] 127.0.0.1 /index.php?g=pay&m=Barcodexybank&a=test
ERR: Call to undefined function Common\Lib\get_info()

[ 2018-06-20T15:17:23+08:00 ] 127.0.0.1 /index.php?g=pay&m=Barcodexybank&a=test
ERR: Call to undefined function Common\Lib\get_info()

[ 2018-06-20T16:38:41+08:00 ] 127.0.0.1 /index.php?g=pay&m=Barcodexybank&a=test
ERR: Call to undefined function Common\Lib\get_info()

[ 2018-06-20T17:07:24+08:00 ] 127.0.0.1 /index.php?g=pay&m=Barcodexybank&a=test
ERR: Call to undefined function Common\Lib\get_info()

[ 2018-06-20T17:07:26+08:00 ] 127.0.0.1 /index.php?g=pay&m=Barcodexybank&a=test
ERR: Call to undefined function Common\Lib\get_info()

[ 2018-06-20T17:34:22+08:00 ] 127.0.0.1 /index.php?g=pay&m=Barcodexybank&a=test
ERR: Call to undefined method Common\Lib\Createsql::strtolower()

